\BOOKMARK [1][-]{section.1}{Introduction}{}% 1
\BOOKMARK [1][-]{section.2}{Theoretical model}{}% 2
\BOOKMARK [2][-]{subsection.2.1}{The potentials employed}{section.2}% 3
\BOOKMARK [2][-]{subsection.2.2}{The variational method}{section.2}% 4
\BOOKMARK [2][-]{subsection.2.3}{Analytic results in the simplest case}{section.2}% 5
\BOOKMARK [2][-]{subsection.2.4}{Variational Monte Carlo methods}{section.2}% 6
\BOOKMARK [2][-]{subsection.2.5}{The local energy}{section.2}% 7
\BOOKMARK [2][-]{subsection.2.6}{Gradient descent method to find the optimal parameter bold0mu mumu subsection}{section.2}% 8
\BOOKMARK [2][-]{subsection.2.7}{One-body densities}{section.2}% 9
\BOOKMARK [1][-]{section.3}{Methods}{}% 10
\BOOKMARK [2][-]{subsection.3.1}{A note on units}{section.3}% 11
\BOOKMARK [2][-]{subsection.3.2}{Implementing the interacting case}{section.3}% 12
\BOOKMARK [2][-]{subsection.3.3}{Outline of the structure of our program}{section.3}% 13
\BOOKMARK [2][-]{subsection.3.4}{Proposing a new position}{section.3}% 14
\BOOKMARK [2][-]{subsection.3.5}{Finding the optimal step size}{section.3}% 15
\BOOKMARK [2][-]{subsection.3.6}{Statistical treatment of the data}{section.3}% 16
\BOOKMARK [2][-]{subsection.3.7}{Implementing the onebody density}{section.3}% 17
\BOOKMARK [2][-]{subsection.3.8}{Parallelizing our code}{section.3}% 18
\BOOKMARK [1][-]{section.4}{Results}{}% 19
\BOOKMARK [2][-]{subsection.4.1}{Finding the optimal step size}{section.4}% 20
\BOOKMARK [2][-]{subsection.4.2}{Testing our code}{section.4}% 21
\BOOKMARK [2][-]{subsection.4.3}{Energy as a function of bold0mu mumu subsection}{section.4}% 22
\BOOKMARK [2][-]{subsection.4.4}{Finding the optimal bold0mu mumu subsection}{section.4}% 23
\BOOKMARK [2][-]{subsection.4.5}{Results from the fully interacting system}{section.4}% 24
\BOOKMARK [2][-]{subsection.4.6}{Onebody densities}{section.4}% 25
\BOOKMARK [1][-]{section.5}{Discussion}{}% 26
\BOOKMARK [2][-]{subsection.5.1}{The optimal step size}{section.5}% 27
\BOOKMARK [2][-]{subsection.5.2}{Testing of our code}{section.5}% 28
\BOOKMARK [2][-]{subsection.5.3}{The energy as a function of bold0mu mumu subsection}{section.5}% 29
\BOOKMARK [2][-]{subsection.5.4}{Results from the fully interacting system}{section.5}% 30
\BOOKMARK [2][-]{subsection.5.5}{The onebody density}{section.5}% 31
\BOOKMARK [1][-]{section.6}{Conclusion}{}% 32
\BOOKMARK [2][-]{subsection.6.1}{Conclusion}{section.6}% 33
\BOOKMARK [2][-]{subsection.6.2}{Outlook}{section.6}% 34
\BOOKMARK [1][-]{section*.24}{Appendices}{}% 35
\BOOKMARK [1][-]{Appendix.a.A}{Analytic expression for the local energy and quantum force}{}% 36
\BOOKMARK [1][-]{Appendix.a.B}{The dimensionless Hamiltonian}{}% 37
\BOOKMARK [1][-]{Appendix.a.C}{Deriving an approximate expression for the onebody density}{}% 38
\BOOKMARK [1][-]{Appendix.a.D}{Finding the expectation value of the onebody density}{}% 39
\BOOKMARK [1][-]{Appendix.a.E}{Finding the derivative of the local energy}{}% 40
